Arguments: 
  /usr/local/bin/node /usr/local/bin/yarn

PATH: 
  /Users/yerg/.tuya-panel-cli/bin:/opt/homebrew/bin:/opt/homebrew/sbin:/usr/local/bin:/usr/bin:/bin:/usr/sbin:/sbin:/Library/Apple/usr/bin:/Users/yerg/.tuya-panel-cli/bin:/opt/homebrew/bin:/opt/homebrew/sbin

Yarn version: 
  1.22.10

Node version: 
  14.17.1

Platform: 
  darwin x64

Trace: 
  SyntaxError: /Users/yerg/project/rn-unit-test-demo/package.json: Unexpected token } in JSON at position 646
      at JSON.parse (<anonymous>)
      at /usr/local/lib/node_modules/yarn/lib/cli.js:1625:59
      at Generator.next (<anonymous>)
      at step (/usr/local/lib/node_modules/yarn/lib/cli.js:310:30)
      at /usr/local/lib/node_modules/yarn/lib/cli.js:321:13

npm manifest: 
  {
    "name": "rn-unit-test-demo",
    "version": "1.0.0",
    "description": "",
    "main": "index.js",
    "scripts": {
      "test": "jest",
      "test-file": "node ./scripts/generateTestFile.mjs"
    },
    "author": "",
    "license": "ISC",
    "devDependencies": {
      "@babel/core": "^7.15.8",
      "@babel/plugin-proposal-decorators": "^7.15.8",
      "@babel/preset-env": "^7.15.8",
      "@types/chalk": "^2.2.0",
      "@types/jest": "^27.4.0",
      "babel-jest": "^27.2.4",
      "chalk": "^5.0.0",
      "enzyme": "^3.11.0",
      "enzyme-adapter-react-16": "^1.15.6",
      "glob": "^7.2.0",
      "jest": "^27.2.4",
      "metro-react-native-babel-preset": "^0.66.2",
    },
    "dependencies": {
      "react": "^16.9.0",
      "react-native": "0.59.10",
      "react-native-mock-render": "^0.1.9",
      "react-test-renderer": "17.0.1"
    }
  }

yarn manifest: 
  No manifest

Lockfile: 
  No lockfile
